Arguments: 
  /Users/iliaidakiev/.nvm/versions/node/v9.2.0/bin/node /Users/iliaidakiev/.nvm/versions/node/v9.2.0/bin/yarn build

PATH: 
  /Users/iliaidakiev/.pyenv/shims:/Users/iliaidakiev/.pyenv:/opt/local/bin:/opt/local/sbin:/Users/iliaidakiev/.nvm/versions/node/v9.2.0/bin:/usr/local/bin:/usr/local/bin:/usr/bin:/bin:/usr/sbin:/sbin

Yarn version: 
  1.3.2

Node version: 
  9.2.0

Platform: 
  darwin x64

npm manifest: 
  {
    "name": "lecture6",
    "version": "1.0.0",
    "description": "",
    "main": "index.js",
    "scripts": {
      "build": "./node_modules/.bin/tsc",
      "start": "./node_modules/.bin/tsc && node .",
      "test": "echo \"Error: no test specified\" && exit 1"
    },
    "author": "",
    "license": "ISC",
    "devDependencies": {
      "awesome-typescript-loader": "^3.4.1",
      "source-map-loader": "^0.2.3",
      "typescript": "^2.6.2",
      "@types/express": "^4.0.39",
      "@types/http-server": "^0.10.0",
      "@types/socket.io": "^1.4.31",
      "@types/socket.io-client": "^1.4.32",
    },
    "dependencies": {
      "express": "^4.16.2",
      "socket.io": "^1.7.3"
    }
  }

yarn manifest: 
  No manifest

Lockfile: 
  # THIS IS AN AUTOGENERATED FILE. DO NOT EDIT THIS FILE DIRECTLY.
  # yarn lockfile v1
  
  
  "@types/body-parser@*":
    version "1.16.8"
    resolved "https://registry.yarnpkg.com/@types/body-parser/-/body-parser-1.16.8.tgz#687ec34140624a3bec2b1a8ea9268478ae8f3be3"
    dependencies:
      "@types/express" "*"
      "@types/node" "*"
  
  "@types/connect@*":
    version "3.4.31"
    resolved "https://registry.yarnpkg.com/@types/connect/-/connect-3.4.31.tgz#1f92d6b117ecc05076c49ecd024f7976e528bad9"
    dependencies:
      "@types/node" "*"
  
  "@types/express-serve-static-core@*":
    version "4.11.0"
    resolved "https://registry.yarnpkg.com/@types/express-serve-static-core/-/express-serve-static-core-4.11.0.tgz#aaaf472777191c3e56ec7aa160034c6b55ebdd59"
    dependencies:
      "@types/node" "*"
  
  "@types/express@*", "@types/express@^4.0.39":
    version "4.11.0"
    resolved "https://registry.yarnpkg.com/@types/express/-/express-4.11.0.tgz#234d65280af917cb290634b7a8d6bcac24aecbad"
    dependencies:
      "@types/body-parser" "*"
      "@types/express-serve-static-core" "*"
      "@types/serve-static" "*"
  
  "@types/http-server@^0.10.0":
    version "0.10.0"
    resolved "https://registry.yarnpkg.com/@types/http-server/-/http-server-0.10.0.tgz#f5fe4a136ac4b2e5b5c25d017bb79310eafe5ece"
    dependencies:
      "@types/connect" "*"
  
  "@types/mime@*":
    version "2.0.0"
    resolved "https://registry.yarnpkg.com/@types/mime/-/mime-2.0.0.tgz#5a7306e367c539b9f6543499de8dd519fac37a8b"
  
  "@types/node@*":
    version "9.3.0"
    resolved "https://registry.yarnpkg.com/@types/node/-/node-9.3.0.tgz#3a129cda7c4e5df2409702626892cb4b96546dd5"
  
  "@types/serve-static@*":
    version "1.13.1"
    resolved "https://registry.yarnpkg.com/@types/serve-static/-/serve-static-1.13.1.tgz#1d2801fa635d274cd97d4ec07e26b21b44127492"
    dependencies:
      "@types/express-serve-static-core" "*"
      "@types/mime" "*"
  
  "@types/socket.io-client@^1.4.32":
    version "1.4.32"
    resolved "https://registry.yarnpkg.com/@types/socket.io-client/-/socket.io-client-1.4.32.tgz#988a65a0386c274b1c22a55377fab6a30789ac14"
  
  "@types/socket.io@^1.4.31":
    version "1.4.31"
    resolved "https://registry.yarnpkg.com/@types/socket.io/-/socket.io-1.4.31.tgz#7a928518a35516fccd90431f94538ed3fddaba19"
    dependencies:
      "@types/node" "*"
  
  accepts@1.3.3:
    version "1.3.3"
    resolved "https://registry.yarnpkg.com/accepts/-/accepts-1.3.3.tgz#c3ca7434938648c3e0d9c1e328dd68b622c284ca"
    dependencies:
      mime-types "~2.1.11"
      negotiator "0.6.1"
  
  accepts@~1.3.4:
    version "1.3.4"
    resolved "https://registry.yarnpkg.com/accepts/-/accepts-1.3.4.tgz#86246758c7dd6d21a6474ff084a4740ec05eb21f"
    dependencies:
      mime-types "~2.1.16"
      negotiator "0.6.1"
  
  after@0.8.2:
    version "0.8.2"
    resolved "https://registry.yarnpkg.com/after/-/after-0.8.2.tgz#fedb394f9f0e02aa9768e702bda23b505fae7e1f"
  
  arr-diff@^4.0.0:
    version "4.0.0"
    resolved "https://registry.yarnpkg.com/arr-diff/-/arr-diff-4.0.0.tgz#d6461074febfec71e7e15235761a329a5dc7c520"
  
  arr-flatten@^1.1.0:
    version "1.1.0"
    resolved "https://registry.yarnpkg.com/arr-flatten/-/arr-flatten-1.1.0.tgz#36048bbff4e7b47e136644316c99669ea5ae91f1"
  
  arr-union@^3.1.0:
    version "3.1.0"
    resolved "https://registry.yarnpkg.com/arr-union/-/arr-union-3.1.0.tgz#e39b09aea9def866a8f206e288af63919bae39c4"
  
  array-flatten@1.1.1:
    version "1.1.1"
    resolved "https://registry.yarnpkg.com/array-flatten/-/array-flatten-1.1.1.tgz#9a5f699051b1e7073328f2a008968b64ea2955d2"
  
  array-unique@^0.3.2:
    version "0.3.2"
    resolved "https://registry.yarnpkg.com/array-unique/-/array-unique-0.3.2.tgz#a894b75d4bc4f6cd679ef3244a9fd8f46ae2d428"
  
  arraybuffer.slice@0.0.6:
    version "0.0.6"
    resolved "https://registry.yarnpkg.com/arraybuffer.slice/-/arraybuffer.slice-0.0.6.tgz#f33b2159f0532a3f3107a272c0ccfbd1ad2979ca"
  
  assign-symbols@^1.0.0:
    version "1.0.0"
    resolved "https://registry.yarnpkg.com/assign-symbols/-/assign-symbols-1.0.0.tgz#59667f41fadd4f20ccbc2bb96b8d4f7f78ec0367"
  
  async@^2.5.0:
    version "2.6.0"
    resolved "https://registry.yarnpkg.com/async/-/async-2.6.0.tgz#61a29abb6fcc026fea77e56d1c6ec53a795951f4"
    dependencies:
      lodash "^4.14.0"
  
  atob@^2.0.0:
    version "2.0.3"
    resolved "https://registry.yarnpkg.com/atob/-/atob-2.0.3.tgz#19c7a760473774468f20b2d2d03372ad7d4cbf5d"
  
  awesome-typescript-loader@^3.4.1:
    version "3.4.1"
    resolved "https://registry.yarnpkg.com/awesome-typescript-loader/-/awesome-typescript-loader-3.4.1.tgz#22fa49800f0619ec18ab15383aef93b95378dea9"
    dependencies:
      colors "^1.1.2"
      enhanced-resolve "3.3.0"
      loader-utils "^1.1.0"
      lodash "^4.17.4"
      micromatch "^3.0.3"
      mkdirp "^0.5.1"
      object-assign "^4.1.1"
      source-map-support "^0.4.15"
  
  backo2@1.0.2:
    version "1.0.2"
    resolved "https://registry.yarnpkg.com/backo2/-/backo2-1.0.2.tgz#31ab1ac8b129363463e35b3ebb69f4dfcfba7947"
  
  base64-arraybuffer@0.1.5:
    version "0.1.5"
    resolved "https://registry.yarnpkg.com/base64-arraybuffer/-/base64-arraybuffer-0.1.5.tgz#73926771923b5a19747ad666aa5cd4bf9c6e9ce8"
  
  base64id@1.0.0:
    version "1.0.0"
    resolved "https://registry.yarnpkg.com/base64id/-/base64id-1.0.0.tgz#47688cb99bb6804f0e06d3e763b1c32e57d8e6b6"
  
  base@^0.11.1:
    version "0.11.2"
    resolved "https://registry.yarnpkg.com/base/-/base-0.11.2.tgz#7bde5ced145b6d551a90db87f83c558b4eb48a8f"
    dependencies:
      cache-base "^1.0.1"
      class-utils "^0.3.5"
      component-emitter "^1.2.1"
      define-property "^1.0.0"
      isobject "^3.0.1"
      mixin-deep "^1.2.0"
      pascalcase "^0.1.1"
  
  better-assert@~1.0.0:
    version "1.0.2"
    resolved "https://registry.yarnpkg.com/better-assert/-/better-assert-1.0.2.tgz#40866b9e1b9e0b55b481894311e68faffaebc522"
    dependencies:
      callsite "1.0.0"
  
  big.js@^3.1.3:
    version "3.2.0"
    resolved "https://registry.yarnpkg.com/big.js/-/big.js-3.2.0.tgz#a5fc298b81b9e0dca2e458824784b65c52ba588e"
  
  blob@0.0.4:
    version "0.0.4"
    resolved "https://registry.yarnpkg.com/blob/-/blob-0.0.4.tgz#bcf13052ca54463f30f9fc7e95b9a47630a94921"
  
  body-parser@1.18.2:
    version "1.18.2"
    resolved "https://registry.yarnpkg.com/body-parser/-/body-parser-1.18.2.tgz#87678a19d84b47d859b83199bd59bce222b10454"
    dependencies:
      bytes "3.0.0"
      content-type "~1.0.4"
      debug "2.6.9"
      depd "~1.1.1"
      http-errors "~1.6.2"
      iconv-lite "0.4.19"
      on-finished "~2.3.0"
      qs "6.5.1"
      raw-body "2.3.2"
      type-is "~1.6.15"
  
  braces@^2.3.0:
    version "2.3.0"
    resolved "https://registry.yarnpkg.com/braces/-/braces-2.3.0.tgz#a46941cb5fb492156b3d6a656e06c35364e3e66e"
    dependencies:
      arr-flatten "^1.1.0"
      array-unique "^0.3.2"
      define-property "^1.0.0"
      extend-shallow "^2.0.1"
      fill-range "^4.0.0"
      isobject "^3.0.1"
      repeat-element "^1.1.2"
      snapdragon "^0.8.1"
      snapdragon-node "^2.0.1"
      split-string "^3.0.2"
      to-regex "^3.0.1"
  
  bytes@3.0.0:
    version "3.0.0"
    resolved "https://registry.yarnpkg.com/bytes/-/bytes-3.0.0.tgz#d32815404d689699f85a4ea4fa8755dd13a96048"
  
  cache-base@^1.0.1:
    version "1.0.1"
    resolved "https://registry.yarnpkg.com/cache-base/-/cache-base-1.0.1.tgz#0a7f46416831c8b662ee36fe4e7c59d76f666ab2"
    dependencies:
      collection-visit "^1.0.0"
      component-emitter "^1.2.1"
      get-value "^2.0.6"
      has-value "^1.0.0"
      isobject "^3.0.1"
      set-value "^2.0.0"
      to-object-path "^0.3.0"
      union-value "^1.0.0"
      unset-value "^1.0.0"
  
  callsite@1.0.0:
    version "1.0.0"
    resolved "https://registry.yarnpkg.com/callsite/-/callsite-1.0.0.tgz#280398e5d664bd74038b6f0905153e6e8af1bc20"
  
  class-utils@^0.3.5:
    version "0.3.5"
    resolved "https://registry.yarnpkg.com/class-utils/-/class-utils-0.3.5.tgz#17e793103750f9627b2176ea34cfd1b565903c80"
    dependencies:
      arr-union "^3.1.0"
      define-property "^0.2.5"
      isobject "^3.0.0"
      lazy-cache "^2.0.2"
      static-extend "^0.1.1"
  
  collection-visit@^1.0.0:
    version "1.0.0"
    resolved "https://registry.yarnpkg.com/collection-visit/-/collection-visit-1.0.0.tgz#4bc0373c164bc3291b4d368c829cf1a80a59dca0"
    dependencies:
      map-visit "^1.0.0"
      object-visit "^1.0.0"
  
  colors@^1.1.2:
    version "1.1.2"
    resolved "https://registry.yarnpkg.com/colors/-/colors-1.1.2.tgz#168a4701756b6a7f51a12ce0c97bfa28c084ed63"
  
  component-bind@1.0.0:
    version "1.0.0"
    resolved "https://registry.yarnpkg.com/component-bind/-/component-bind-1.0.0.tgz#00c608ab7dcd93897c0009651b1d3a8e1e73bbd1"
  
  component-emitter@1.1.2:
    version "1.1.2"
    resolved "https://registry.yarnpkg.com/component-emitter/-/component-emitter-1.1.2.tgz#296594f2753daa63996d2af08d15a95116c9aec3"
  
  component-emitter@1.2.1, component-emitter@^1.2.1:
    version "1.2.1"
    resolved "https://registry.yarnpkg.com/component-emitter/-/component-emitter-1.2.1.tgz#137918d6d78283f7df7a6b7c5a63e140e69425e6"
  
  component-inherit@0.0.3:
    version "0.0.3"
    resolved "https://registry.yarnpkg.com/component-inherit/-/component-inherit-0.0.3.tgz#645fc4adf58b72b649d5cae65135619db26ff143"
  
  content-disposition@0.5.2:
    version "0.5.2"
    resolved "https://registry.yarnpkg.com/content-disposition/-/content-disposition-0.5.2.tgz#0cf68bb9ddf5f2be7961c3a85178cb85dba78cb4"
  
  content-type@~1.0.4:
    version "1.0.4"
    resolved "https://registry.yarnpkg.com/content-type/-/content-type-1.0.4.tgz#e138cc75e040c727b1966fe5e5f8c9aee256fe3b"
  
  cookie-signature@1.0.6:
    version "1.0.6"
    resolved "https://registry.yarnpkg.com/cookie-signature/-/cookie-signature-1.0.6.tgz#e303a882b342cc3ee8ca513a79999734dab3ae2c"
  
  cookie@0.3.1:
    version "0.3.1"
    resolved "https://registry.yarnpkg.com/cookie/-/cookie-0.3.1.tgz#e7e0a1f9ef43b4c8ba925c5c5a96e806d16873bb"
  
  copy-descriptor@^0.1.0:
    version "0.1.1"
    resolved "https://registry.yarnpkg.com/copy-descriptor/-/copy-descriptor-0.1.1.tgz#676f6eb3c39997c2ee1ac3a924fd6124748f578d"
  
  core-util-is@~1.0.0:
    version "1.0.2"
    resolved "https://registry.yarnpkg.com/core-util-is/-/core-util-is-1.0.2.tgz#b5fd54220aa2bc5ab57aab7140c940754503c1a7"
  
  debug@2.2.0:
    version "2.2.0"
    resolved "https://registry.yarnpkg.com/debug/-/debug-2.2.0.tgz#f87057e995b1a1f6ae6a4960664137bc56f039da"
    dependencies:
      ms "0.7.1"
  
  debug@2.3.3:
    version "2.3.3"
    resolved "https://registry.yarnpkg.com/debug/-/debug-2.3.3.tgz#40c453e67e6e13c901ddec317af8986cda9eff8c"
    dependencies:
      ms "0.7.2"
  
  debug@2.6.9, debug@^2.2.0, debug@^2.3.3:
    version "2.6.9"
    resolved "https://registry.yarnpkg.com/debug/-/debug-2.6.9.tgz#5d128515df134ff327e90a4c93f4e077a536341f"
    dependencies:
      ms "2.0.0"
  
  decode-uri-component@^0.2.0:
    version "0.2.0"
    resolved "https://registry.yarnpkg.com/decode-uri-component/-/decode-uri-component-0.2.0.tgz#eb3913333458775cb84cd1a1fae062106bb87545"
  
  define-property@^0.2.5:
    version "0.2.5"
    resolved "https://registry.yarnpkg.com/define-property/-/define-property-0.2.5.tgz#c35b1ef918ec3c990f9a5bc57be04aacec5c8116"
    dependencies:
      is-descriptor "^0.1.0"
  
  define-property@^1.0.0:
    version "1.0.0"
    resolved "https://registry.yarnpkg.com/define-property/-/define-property-1.0.0.tgz#769ebaaf3f4a63aad3af9e8d304c9bbe79bfb0e6"
    dependencies:
      is-descriptor "^1.0.0"
  
  depd@1.1.1, depd@~1.1.1:
    version "1.1.1"
    resolved "https://registry.yarnpkg.com/depd/-/depd-1.1.1.tgz#5783b4e1c459f06fa5ca27f991f3d06e7a310359"
  
  destroy@~1.0.4:
    version "1.0.4"
    resolved "https://registry.yarnpkg.com/destroy/-/destroy-1.0.4.tgz#978857442c44749e4206613e37946205826abd80"
  
  ee-first@1.1.1:
    version "1.1.1"
    resolved "https://registry.yarnpkg.com/ee-first/-/ee-first-1.1.1.tgz#590c61156b0ae2f4f0255732a158b266bc56b21d"
  
  emojis-list@^2.0.0:
    version "2.1.0"
    resolved "https://registry.yarnpkg.com/emojis-list/-/emojis-list-2.1.0.tgz#4daa4d9db00f9819880c79fa457ae5b09a1fd389"
  
  encodeurl@~1.0.1:
    version "1.0.1"
    resolved "https://registry.yarnpkg.com/encodeurl/-/encodeurl-1.0.1.tgz#79e3d58655346909fe6f0f45a5de68103b294d20"
  
  engine.io-client@~1.8.4:
    version "1.8.5"
    resolved "https://registry.yarnpkg.com/engine.io-client/-/engine.io-client-1.8.5.tgz#fe7fb60cb0dcf2fa2859489329cb5968dedeb11f"
    dependencies:
      component-emitter "1.2.1"
      component-inherit "0.0.3"
      debug "2.3.3"
      engine.io-parser "1.3.2"
      has-cors "1.1.0"
      indexof "0.0.1"
      parsejson "0.0.3"
      parseqs "0.0.5"
      parseuri "0.0.5"
      ws "~1.1.5"
      xmlhttprequest-ssl "1.5.3"
      yeast "0.1.2"
  
  engine.io-parser@1.3.2:
    version "1.3.2"
    resolved "https://registry.yarnpkg.com/engine.io-parser/-/engine.io-parser-1.3.2.tgz#937b079f0007d0893ec56d46cb220b8cb435220a"
    dependencies:
      after "0.8.2"
      arraybuffer.slice "0.0.6"
      base64-arraybuffer "0.1.5"
      blob "0.0.4"
      has-binary "0.1.7"
      wtf-8 "1.0.0"
  
  engine.io@~1.8.4:
    version "1.8.5"
    resolved "https://registry.yarnpkg.com/engine.io/-/engine.io-1.8.5.tgz#4ebe5e75c6dc123dee4afdce6e5fdced21eb93f6"
    dependencies:
      accepts "1.3.3"
      base64id "1.0.0"
      cookie "0.3.1"
      debug "2.3.3"
      engine.io-parser "1.3.2"
      ws "~1.1.5"
  
  enhanced-resolve@3.3.0:
    version "3.3.0"
    resolved "https://registry.yarnpkg.com/enhanced-resolve/-/enhanced-resolve-3.3.0.tgz#950964ecc7f0332a42321b673b38dc8ff15535b3"
    dependencies:
      graceful-fs "^4.1.2"
      memory-fs "^0.4.0"
      object-assign "^4.0.1"
      tapable "^0.2.5"
  
  errno@^0.1.3:
    version "0.1.6"
    resolved "https://registry.yarnpkg.com/errno/-/errno-0.1.6.tgz#c386ce8a6283f14fc09563b71560908c9bf53026"
    dependencies:
      prr "~1.0.1"
  
  escape-html@~1.0.3:
    version "1.0.3"
    resolved "https://registry.yarnpkg.com/escape-html/-/escape-html-1.0.3.tgz#0258eae4d3d0c0974de1c169188ef0051d1d1988"
  
  etag@~1.8.1:
    version "1.8.1"
    resolved "https://registry.yarnpkg.com/etag/-/etag-1.8.1.tgz#41ae2eeb65efa62268aebfea83ac7d79299b0887"
  
  expand-brackets@^2.1.4:
    version "2.1.4"
    resolved "https://registry.yarnpkg.com/expand-brackets/-/expand-brackets-2.1.4.tgz#b77735e315ce30f6b6eff0f83b04151a22449622"
    dependencies:
      debug "^2.3.3"
      define-property "^0.2.5"
      extend-shallow "^2.0.1"
      posix-character-classes "^0.1.0"
      regex-not "^1.0.0"
      snapdragon "^0.8.1"
      to-regex "^3.0.1"
  
  express@^4.16.2:
    version "4.16.2"
    resolved "https://registry.yarnpkg.com/express/-/express-4.16.2.tgz#e35c6dfe2d64b7dca0a5cd4f21781be3299e076c"
    dependencies:
      accepts "~1.3.4"
      array-flatten "1.1.1"
      body-parser "1.18.2"
      content-disposition "0.5.2"
      content-type "~1.0.4"
      cookie "0.3.1"
      cookie-signature "1.0.6"
      debug "2.6.9"
      depd "~1.1.1"
      encodeurl "~1.0.1"
      escape-html "~1.0.3"
      etag "~1.8.1"
      finalhandler "1.1.0"
      fresh "0.5.2"
      merge-descriptors "1.0.1"
      methods "~1.1.2"
      on-finished "~2.3.0"
      parseurl "~1.3.2"
      path-to-regexp "0.1.7"
      proxy-addr "~2.0.2"
      qs "6.5.1"
      range-parser "~1.2.0"
      safe-buffer "5.1.1"
      send "0.16.1"
      serve-static "1.13.1"
      setprototypeof "1.1.0"
      statuses "~1.3.1"
      type-is "~1.6.15"
      utils-merge "1.0.1"
      vary "~1.1.2"
  
  extend-shallow@^2.0.1:
    version "2.0.1"
    resolved "https://registry.yarnpkg.com/extend-shallow/-/extend-shallow-2.0.1.tgz#51af7d614ad9a9f610ea1bafbb989d6b1c56890f"
    dependencies:
      is-extendable "^0.1.0"
  
  extend-shallow@^3.0.0:
    version "3.0.2"
    resolved "https://registry.yarnpkg.com/extend-shallow/-/extend-shallow-3.0.2.tgz#26a71aaf073b39fb2127172746131c2704028db8"
    dependencies:
      assign-symbols "^1.0.0"
      is-extendable "^1.0.1"
  
  extglob@^2.0.2:
    version "2.0.3"
    resolved "https://registry.yarnpkg.com/extglob/-/extglob-2.0.3.tgz#55e019d0c95bf873949c737b7e5172dba84ebb29"
    dependencies:
      array-unique "^0.3.2"
      define-property "^1.0.0"
      expand-brackets "^2.1.4"
      extend-shallow "^2.0.1"
      fragment-cache "^0.2.1"
      regex-not "^1.0.0"
      snapdragon "^0.8.1"
      to-regex "^3.0.1"
  
  fill-range@^4.0.0:
    version "4.0.0"
    resolved "https://registry.yarnpkg.com/fill-range/-/fill-range-4.0.0.tgz#d544811d428f98eb06a63dc402d2403c328c38f7"
    dependencies:
      extend-shallow "^2.0.1"
      is-number "^3.0.0"
      repeat-string "^1.6.1"
      to-regex-range "^2.1.0"
  
  finalhandler@1.1.0:
    version "1.1.0"
    resolved "https://registry.yarnpkg.com/finalhandler/-/finalhandler-1.1.0.tgz#ce0b6855b45853e791b2fcc680046d88253dd7f5"
    dependencies:
      debug "2.6.9"
      encodeurl "~1.0.1"
      escape-html "~1.0.3"
      on-finished "~2.3.0"
      parseurl "~1.3.2"
      statuses "~1.3.1"
      unpipe "~1.0.0"
  
  for-in@^1.0.2:
    version "1.0.2"
    resolved "https://registry.yarnpkg.com/for-in/-/for-in-1.0.2.tgz#81068d295a8142ec0ac726c6e2200c30fb6d5e80"
  
  forwarded@~0.1.2:
    version "0.1.2"
    resolved "https://registry.yarnpkg.com/forwarded/-/forwarded-0.1.2.tgz#98c23dab1175657b8c0573e8ceccd91b0ff18c84"
  
  fragment-cache@^0.2.1:
    version "0.2.1"
    resolved "https://registry.yarnpkg.com/fragment-cache/-/fragment-cache-0.2.1.tgz#4290fad27f13e89be7f33799c6bc5a0abfff0d19"
    dependencies:
      map-cache "^0.2.2"
  
  fresh@0.5.2:
    version "0.5.2"
    resolved "https://registry.yarnpkg.com/fresh/-/fresh-0.5.2.tgz#3d8cadd90d976569fa835ab1f8e4b23a105605a7"
  
  get-value@^2.0.3, get-value@^2.0.6:
    version "2.0.6"
    resolved "https://registry.yarnpkg.com/get-value/-/get-value-2.0.6.tgz#dc15ca1c672387ca76bd37ac0a395ba2042a2c28"
  
  graceful-fs@^4.1.2:
    version "4.1.11"
    resolved "https://registry.yarnpkg.com/graceful-fs/-/graceful-fs-4.1.11.tgz#0e8bdfe4d1ddb8854d64e04ea7c00e2a026e5658"
  
  has-binary@0.1.7:
    version "0.1.7"
    resolved "https://registry.yarnpkg.com/has-binary/-/has-binary-0.1.7.tgz#68e61eb16210c9545a0a5cce06a873912fe1e68c"
    dependencies:
      isarray "0.0.1"
  
  has-cors@1.1.0:
    version "1.1.0"
    resolved "https://registry.yarnpkg.com/has-cors/-/has-cors-1.1.0.tgz#5e474793f7ea9843d1bb99c23eef49ff126fff39"
  
  has-value@^0.3.1:
    version "0.3.1"
    resolved "https://registry.yarnpkg.com/has-value/-/has-value-0.3.1.tgz#7b1f58bada62ca827ec0a2078025654845995e1f"
    dependencies:
      get-value "^2.0.3"
      has-values "^0.1.4"
      isobject "^2.0.0"
  
  has-value@^1.0.0:
    version "1.0.0"
    resolved "https://registry.yarnpkg.com/has-value/-/has-value-1.0.0.tgz#18b281da585b1c5c51def24c930ed29a0be6b177"
    dependencies:
      get-value "^2.0.6"
      has-values "^1.0.0"
      isobject "^3.0.0"
  
  has-values@^0.1.4:
    version "0.1.4"
    resolved "https://registry.yarnpkg.com/has-values/-/has-values-0.1.4.tgz#6d61de95d91dfca9b9a02089ad384bff8f62b771"
  
  has-values@^1.0.0:
    version "1.0.0"
    resolved "https://registry.yarnpkg.com/has-values/-/has-values-1.0.0.tgz#95b0b63fec2146619a6fe57fe75628d5a39efe4f"
    dependencies:
      is-number "^3.0.0"
      kind-of "^4.0.0"
  
  http-errors@1.6.2, http-errors@~1.6.2:
    version "1.6.2"
    resolved "https://registry.yarnpkg.com/http-errors/-/http-errors-1.6.2.tgz#0a002cc85707192a7e7946ceedc11155f60ec736"
    dependencies:
      depd "1.1.1"
      inherits "2.0.3"
      setprototypeof "1.0.3"
      statuses ">= 1.3.1 < 2"
  
  iconv-lite@0.4.19:
    version "0.4.19"
    resolved "https://registry.yarnpkg.com/iconv-lite/-/iconv-lite-0.4.19.tgz#f7468f60135f5e5dad3399c0a81be9a1603a082b"
  
  indexof@0.0.1:
    version "0.0.1"
    resolved "https://registry.yarnpkg.com/indexof/-/indexof-0.0.1.tgz#82dc336d232b9062179d05ab3293a66059fd435d"
  
  inherits@2.0.3, inherits@~2.0.3:
    version "2.0.3"
    resolved "https://registry.yarnpkg.com/inherits/-/inherits-2.0.3.tgz#633c2c83e3da42a502f52466022480f4208261de"
  
  ipaddr.js@1.5.2:
    version "1.5.2"
    resolved "https://registry.yarnpkg.com/ipaddr.js/-/ipaddr.js-1.5.2.tgz#d4b505bde9946987ccf0fc58d9010ff9607e3fa0"
  
  is-accessor-descriptor@^0.1.6:
    version "0.1.6"
    resolved "https://registry.yarnpkg.com/is-accessor-descriptor/-/is-accessor-descriptor-0.1.6.tgz#a9e12cb3ae8d876727eeef3843f8a0897b5c98d6"
    dependencies:
      kind-of "^3.0.2"
  
  is-accessor-descriptor@^1.0.0:
    version "1.0.0"
    resolved "https://registry.yarnpkg.com/is-accessor-descriptor/-/is-accessor-descriptor-1.0.0.tgz#169c2f6d3df1f992618072365c9b0ea1f6878656"
    dependencies:
      kind-of "^6.0.0"
  
  is-buffer@^1.1.5:
    version "1.1.6"
    resolved "https://registry.yarnpkg.com/is-buffer/-/is-buffer-1.1.6.tgz#efaa2ea9daa0d7ab2ea13a97b2b8ad51fefbe8be"
  
  is-data-descriptor@^0.1.4:
    version "0.1.4"
    resolved "https://registry.yarnpkg.com/is-data-descriptor/-/is-data-descriptor-0.1.4.tgz#0b5ee648388e2c860282e793f1856fec3f301b56"
    dependencies:
      kind-of "^3.0.2"
  
  is-data-descriptor@^1.0.0:
    version "1.0.0"
    resolved "https://registry.yarnpkg.com/is-data-descriptor/-/is-data-descriptor-1.0.0.tgz#d84876321d0e7add03990406abbbbd36ba9268c7"
    dependencies:
      kind-of "^6.0.0"
  
  is-descriptor@^0.1.0:
    version "0.1.6"
    resolved "https://registry.yarnpkg.com/is-descriptor/-/is-descriptor-0.1.6.tgz#366d8240dde487ca51823b1ab9f07a10a78251ca"
    dependencies:
      is-accessor-descriptor "^0.1.6"
      is-data-descriptor "^0.1.4"
      kind-of "^5.0.0"
  
  is-descriptor@^1.0.0:
    version "1.0.2"
    resolved "https://registry.yarnpkg.com/is-descriptor/-/is-descriptor-1.0.2.tgz#3b159746a66604b04f8c81524ba365c5f14d86ec"
    dependencies:
      is-accessor-descriptor "^1.0.0"
      is-data-descriptor "^1.0.0"
      kind-of "^6.0.2"
  
  is-extendable@^0.1.0, is-extendable@^0.1.1:
    version "0.1.1"
    resolved "https://registry.yarnpkg.com/is-extendable/-/is-extendable-0.1.1.tgz#62b110e289a471418e3ec36a617d472e301dfc89"
  
  is-extendable@^1.0.1:
    version "1.0.1"
    resolved "https://registry.yarnpkg.com/is-extendable/-/is-extendable-1.0.1.tgz#a7470f9e426733d81bd81e1155264e3a3507cab4"
    dependencies:
      is-plain-object "^2.0.4"
  
  is-number@^3.0.0:
    version "3.0.0"
    resolved "https://registry.yarnpkg.com/is-number/-/is-number-3.0.0.tgz#24fd6201a4782cf50561c810276afc7d12d71195"
    dependencies:
      kind-of "^3.0.2"
  
  is-odd@^1.0.0:
    version "1.0.0"
    resolved "https://registry.yarnpkg.com/is-odd/-/is-odd-1.0.0.tgz#3b8a932eb028b3775c39bb09e91767accdb69088"
    dependencies:
      is-number "^3.0.0"
  
  is-plain-object@^2.0.1, is-plain-object@^2.0.3, is-plain-object@^2.0.4:
    version "2.0.4"
    resolved "https://registry.yarnpkg.com/is-plain-object/-/is-plain-object-2.0.4.tgz#2c163b3fafb1b606d9d17928f05c2a1c38e07677"
    dependencies:
      isobject "^3.0.1"
  
  isarray@0.0.1:
    version "0.0.1"
    resolved "https://registry.yarnpkg.com/isarray/-/isarray-0.0.1.tgz#8a18acfca9a8f4177e09abfc6038939b05d1eedf"
  
  isarray@1.0.0, isarray@~1.0.0:
    version "1.0.0"
    resolved "https://registry.yarnpkg.com/isarray/-/isarray-1.0.0.tgz#bb935d48582cba168c06834957a54a3e07124f11"
  
  isobject@^2.0.0:
    version "2.1.0"
    resolved "https://registry.yarnpkg.com/isobject/-/isobject-2.1.0.tgz#f065561096a3f1da2ef46272f815c840d87e0c89"
    dependencies:
      isarray "1.0.0"
  
  isobject@^3.0.0, isobject@^3.0.1:
    version "3.0.1"
    resolved "https://registry.yarnpkg.com/isobject/-/isobject-3.0.1.tgz#4e431e92b11a9731636aa1f9c8d1ccbcfdab78df"
  
  json3@3.3.2:
    version "3.3.2"
    resolved "https://registry.yarnpkg.com/json3/-/json3-3.3.2.tgz#3c0434743df93e2f5c42aee7b19bcb483575f4e1"
  
  json5@^0.5.0:
    version "0.5.1"
    resolved "https://registry.yarnpkg.com/json5/-/json5-0.5.1.tgz#1eade7acc012034ad84e2396767ead9fa5495821"
  
  kind-of@^3.0.2, kind-of@^3.0.3, kind-of@^3.2.0:
    version "3.2.2"
    resolved "https://registry.yarnpkg.com/kind-of/-/kind-of-3.2.2.tgz#31ea21a734bab9bbb0f32466d893aea51e4a3c64"
    dependencies:
      is-buffer "^1.1.5"
  
  kind-of@^4.0.0:
    version "4.0.0"
    resolved "https://registry.yarnpkg.com/kind-of/-/kind-of-4.0.0.tgz#20813df3d712928b207378691a45066fae72dd57"
    dependencies:
      is-buffer "^1.1.5"
  
  kind-of@^5.0.0, kind-of@^5.0.2:
    version "5.1.0"
    resolved "https://registry.yarnpkg.com/kind-of/-/kind-of-5.1.0.tgz#729c91e2d857b7a419a1f9aa65685c4c33f5845d"
  
  kind-of@^6.0.0, kind-of@^6.0.2:
    version "6.0.2"
    resolved "https://registry.yarnpkg.com/kind-of/-/kind-of-6.0.2.tgz#01146b36a6218e64e58f3a8d66de5d7fc6f6d051"
  
  lazy-cache@^2.0.2:
    version "2.0.2"
    resolved "https://registry.yarnpkg.com/lazy-cache/-/lazy-cache-2.0.2.tgz#b9190a4f913354694840859f8a8f7084d8822264"
    dependencies:
      set-getter "^0.1.0"
  
  loader-utils@^1.1.0:
    version "1.1.0"
    resolved "https://registry.yarnpkg.com/loader-utils/-/loader-utils-1.1.0.tgz#c98aef488bcceda2ffb5e2de646d6a754429f5cd"
    dependencies:
      big.js "^3.1.3"
      emojis-list "^2.0.0"
      json5 "^0.5.0"
  
  loader-utils@~0.2.2:
    version "0.2.17"
    resolved "https://registry.yarnpkg.com/loader-utils/-/loader-utils-0.2.17.tgz#f86e6374d43205a6e6c60e9196f17c0299bfb348"
    dependencies:
      big.js "^3.1.3"
      emojis-list "^2.0.0"
      json5 "^0.5.0"
      object-assign "^4.0.1"
  
  lodash@^4.14.0, lodash@^4.17.4:
    version "4.17.4"
    resolved "https://registry.yarnpkg.com/lodash/-/lodash-4.17.4.tgz#78203a4d1c328ae1d86dca6460e369b57f4055ae"
  
  map-cache@^0.2.2:
    version "0.2.2"
    resolved "https://registry.yarnpkg.com/map-cache/-/map-cache-0.2.2.tgz#c32abd0bd6525d9b051645bb4f26ac5dc98a0dbf"
  
  map-visit@^1.0.0:
    version "1.0.0"
    resolved "https://registry.yarnpkg.com/map-visit/-/map-visit-1.0.0.tgz#ecdca8f13144e660f1b5bd41f12f3479d98dfb8f"
    dependencies:
      object-visit "^1.0.0"
  
  media-typer@0.3.0:
    version "0.3.0"
    resolved "https://registry.yarnpkg.com/media-typer/-/media-typer-0.3.0.tgz#8710d7af0aa626f8fffa1ce00168545263255748"
  
  memory-fs@^0.4.0:
    version "0.4.1"
    resolved "https://registry.yarnpkg.com/memory-fs/-/memory-fs-0.4.1.tgz#3a9a20b8462523e447cfbc7e8bb80ed667bfc552"
    dependencies:
      errno "^0.1.3"
      readable-stream "^2.0.1"
  
  merge-descriptors@1.0.1:
    version "1.0.1"
    resolved "https://registry.yarnpkg.com/merge-descriptors/-/merge-descriptors-1.0.1.tgz#b00aaa556dd8b44568150ec9d1b953f3f90cbb61"
  
  methods@~1.1.2:
    version "1.1.2"
    resolved "https://registry.yarnpkg.com/methods/-/methods-1.1.2.tgz#5529a4d67654134edcc5266656835b0f851afcee"
  
  micromatch@^3.0.3:
    version "3.1.5"
    resolved "https://registry.yarnpkg.com/micromatch/-/micromatch-3.1.5.tgz#d05e168c206472dfbca985bfef4f57797b4cd4ba"
    dependencies:
      arr-diff "^4.0.0"
      array-unique "^0.3.2"
      braces "^2.3.0"
      define-property "^1.0.0"
      extend-shallow "^2.0.1"
      extglob "^2.0.2"
      fragment-cache "^0.2.1"
      kind-of "^6.0.0"
      nanomatch "^1.2.5"
      object.pick "^1.3.0"
      regex-not "^1.0.0"
      snapdragon "^0.8.1"
      to-regex "^3.0.1"
  
  mime-db@~1.30.0:
    version "1.30.0"
    resolved "https://registry.yarnpkg.com/mime-db/-/mime-db-1.30.0.tgz#74c643da2dd9d6a45399963465b26d5ca7d71f01"
  
  mime-types@~2.1.11, mime-types@~2.1.15, mime-types@~2.1.16:
    version "2.1.17"
    resolved "https://registry.yarnpkg.com/mime-types/-/mime-types-2.1.17.tgz#09d7a393f03e995a79f8af857b70a9e0ab16557a"
    dependencies:
      mime-db "~1.30.0"
  
  mime@1.4.1:
    version "1.4.1"
    resolved "https://registry.yarnpkg.com/mime/-/mime-1.4.1.tgz#121f9ebc49e3766f311a76e1fa1c8003c4b03aa6"
  
  minimist@0.0.8:
    version "0.0.8"
    resolved "https://registry.yarnpkg.com/minimist/-/minimist-0.0.8.tgz#857fcabfc3397d2625b8228262e86aa7a011b05d"
  
  mixin-deep@^1.2.0:
    version "1.3.0"
    resolved "https://registry.yarnpkg.com/mixin-deep/-/mixin-deep-1.3.0.tgz#47a8732ba97799457c8c1eca28f95132d7e8150a"
    dependencies:
      for-in "^1.0.2"
      is-extendable "^1.0.1"
  
  mkdirp@^0.5.1:
    version "0.5.1"
    resolved "https://registry.yarnpkg.com/mkdirp/-/mkdirp-0.5.1.tgz#30057438eac6cf7f8c4767f38648d6697d75c903"
    dependencies:
      minimist "0.0.8"
  
  ms@0.7.1:
    version "0.7.1"
    resolved "https://registry.yarnpkg.com/ms/-/ms-0.7.1.tgz#9cd13c03adbff25b65effde7ce864ee952017098"
  
  ms@0.7.2:
    version "0.7.2"
    resolved "https://registry.yarnpkg.com/ms/-/ms-0.7.2.tgz#ae25cf2512b3885a1d95d7f037868d8431124765"
  
  ms@2.0.0:
    version "2.0.0"
    resolved "https://registry.yarnpkg.com/ms/-/ms-2.0.0.tgz#5608aeadfc00be6c2901df5f9861788de0d597c8"
  
  nanomatch@^1.2.5:
    version "1.2.7"
    resolved "https://registry.yarnpkg.com/nanomatch/-/nanomatch-1.2.7.tgz#53cd4aa109ff68b7f869591fdc9d10daeeea3e79"
    dependencies:
      arr-diff "^4.0.0"
      array-unique "^0.3.2"
      define-property "^1.0.0"
      extend-shallow "^2.0.1"
      fragment-cache "^0.2.1"
      is-odd "^1.0.0"
      kind-of "^5.0.2"
      object.pick "^1.3.0"
      regex-not "^1.0.0"
      snapdragon "^0.8.1"
      to-regex "^3.0.1"
  
  negotiator@0.6.1:
    version "0.6.1"
    resolved "https://registry.yarnpkg.com/negotiator/-/negotiator-0.6.1.tgz#2b327184e8992101177b28563fb5e7102acd0ca9"
  
  object-assign@4.1.0:
    version "4.1.0"
    resolved "https://registry.yarnpkg.com/object-assign/-/object-assign-4.1.0.tgz#7a3b3d0e98063d43f4c03f2e8ae6cd51a86883a0"
  
  object-assign@^4.0.1, object-assign@^4.1.1:
    version "4.1.1"
    resolved "https://registry.yarnpkg.com/object-assign/-/object-assign-4.1.1.tgz#2109adc7965887cfc05cbbd442cac8bfbb360863"
  
  object-component@0.0.3:
    version "0.0.3"
    resolved "https://registry.yarnpkg.com/object-component/-/object-component-0.0.3.tgz#f0c69aa50efc95b866c186f400a33769cb2f1291"
  
  object-copy@^0.1.0:
    version "0.1.0"
    resolved "https://registry.yarnpkg.com/object-copy/-/object-copy-0.1.0.tgz#7e7d858b781bd7c991a41ba975ed3812754e998c"
    dependencies:
      copy-descriptor "^0.1.0"
      define-property "^0.2.5"
      kind-of "^3.0.3"
  
  object-visit@^1.0.0:
    version "1.0.1"
    resolved "https://registry.yarnpkg.com/object-visit/-/object-visit-1.0.1.tgz#f79c4493af0c5377b59fe39d395e41042dd045bb"
    dependencies:
      isobject "^3.0.0"
  
  object.pick@^1.3.0:
    version "1.3.0"
    resolved "https://registry.yarnpkg.com/object.pick/-/object.pick-1.3.0.tgz#87a10ac4c1694bd2e1cbf53591a66141fb5dd747"
    dependencies:
      isobject "^3.0.1"
  
  on-finished@~2.3.0:
    version "2.3.0"
    resolved "https://registry.yarnpkg.com/on-finished/-/on-finished-2.3.0.tgz#20f1336481b083cd75337992a16971aa2d906947"
    dependencies:
      ee-first "1.1.1"
  
  options@>=0.0.5:
    version "0.0.6"
    resolved "https://registry.yarnpkg.com/options/-/options-0.0.6.tgz#ec22d312806bb53e731773e7cdaefcf1c643128f"
  
  parsejson@0.0.3:
    version "0.0.3"
    resolved "https://registry.yarnpkg.com/parsejson/-/parsejson-0.0.3.tgz#ab7e3759f209ece99437973f7d0f1f64ae0e64ab"
    dependencies:
      better-assert "~1.0.0"
  
  parseqs@0.0.5:
    version "0.0.5"
    resolved "https://registry.yarnpkg.com/parseqs/-/parseqs-0.0.5.tgz#d5208a3738e46766e291ba2ea173684921a8b89d"
    dependencies:
      better-assert "~1.0.0"
  
  parseuri@0.0.5:
    version "0.0.5"
    resolved "https://registry.yarnpkg.com/parseuri/-/parseuri-0.0.5.tgz#80204a50d4dbb779bfdc6ebe2778d90e4bce320a"
    dependencies:
      better-assert "~1.0.0"
  
  parseurl@~1.3.2:
    version "1.3.2"
    resolved "https://registry.yarnpkg.com/parseurl/-/parseurl-1.3.2.tgz#fc289d4ed8993119460c156253262cdc8de65bf3"
  
  pascalcase@^0.1.1:
    version "0.1.1"
    resolved "https://registry.yarnpkg.com/pascalcase/-/pascalcase-0.1.1.tgz#b363e55e8006ca6fe21784d2db22bd15d7917f14"
  
  path-to-regexp@0.1.7:
    version "0.1.7"
    resolved "https://registry.yarnpkg.com/path-to-regexp/-/path-to-regexp-0.1.7.tgz#df604178005f522f15eb4490e7247a1bfaa67f8c"
  
  posix-character-classes@^0.1.0:
    version "0.1.1"
    resolved "https://registry.yarnpkg.com/posix-character-classes/-/posix-character-classes-0.1.1.tgz#01eac0fe3b5af71a2a6c02feabb8c1fef7e00eab"
  
  process-nextick-args@~1.0.6:
    version "1.0.7"
    resolved "https://registry.yarnpkg.com/process-nextick-args/-/process-nextick-args-1.0.7.tgz#150e20b756590ad3f91093f25a4f2ad8bff30ba3"
  
  proxy-addr@~2.0.2:
    version "2.0.2"
    resolved "https://registry.yarnpkg.com/proxy-addr/-/proxy-addr-2.0.2.tgz#6571504f47bb988ec8180253f85dd7e14952bdec"
    dependencies:
      forwarded "~0.1.2"
      ipaddr.js "1.5.2"
  
  prr@~1.0.1:
    version "1.0.1"
    resolved "https://registry.yarnpkg.com/prr/-/prr-1.0.1.tgz#d3fc114ba06995a45ec6893f484ceb1d78f5f476"
  
  qs@6.5.1:
    version "6.5.1"
    resolved "https://registry.yarnpkg.com/qs/-/qs-6.5.1.tgz#349cdf6eef89ec45c12d7d5eb3fc0c870343a6d8"
  
  range-parser@~1.2.0:
    version "1.2.0"
    resolved "https://registry.yarnpkg.com/range-parser/-/range-parser-1.2.0.tgz#f49be6b487894ddc40dcc94a322f611092e00d5e"
  
  raw-body@2.3.2:
    version "2.3.2"
    resolved "https://registry.yarnpkg.com/raw-body/-/raw-body-2.3.2.tgz#bcd60c77d3eb93cde0050295c3f379389bc88f89"
    dependencies:
      bytes "3.0.0"
      http-errors "1.6.2"
      iconv-lite "0.4.19"
      unpipe "1.0.0"
  
  readable-stream@^2.0.1:
    version "2.3.3"
    resolved "https://registry.yarnpkg.com/readable-stream/-/readable-stream-2.3.3.tgz#368f2512d79f9d46fdfc71349ae7878bbc1eb95c"
    dependencies:
      core-util-is "~1.0.0"
      inherits "~2.0.3"
      isarray "~1.0.0"
      process-nextick-args "~1.0.6"
      safe-buffer "~5.1.1"
      string_decoder "~1.0.3"
      util-deprecate "~1.0.1"
  
  regex-not@^1.0.0:
    version "1.0.0"
    resolved "https://registry.yarnpkg.com/regex-not/-/regex-not-1.0.0.tgz#42f83e39771622df826b02af176525d6a5f157f9"
    dependencies:
      extend-shallow "^2.0.1"
  
  repeat-element@^1.1.2:
    version "1.1.2"
    resolved "https://registry.yarnpkg.com/repeat-element/-/repeat-element-1.1.2.tgz#ef089a178d1483baae4d93eb98b4f9e4e11d990a"
  
  repeat-string@^1.6.1:
    version "1.6.1"
    resolved "https://registry.yarnpkg.com/repeat-string/-/repeat-string-1.6.1.tgz#8dcae470e1c88abc2d600fff4a776286da75e637"
  
  resolve-url@^0.2.1:
    version "0.2.1"
    resolved "https://registry.yarnpkg.com/resolve-url/-/resolve-url-0.2.1.tgz#2c637fe77c893afd2a663fe21aa9080068e2052a"
  
  safe-buffer@5.1.1, safe-buffer@~5.1.0, safe-buffer@~5.1.1:
    version "5.1.1"
    resolved "https://registry.yarnpkg.com/safe-buffer/-/safe-buffer-5.1.1.tgz#893312af69b2123def71f57889001671eeb2c853"
  
  send@0.16.1:
    version "0.16.1"
    resolved "https://registry.yarnpkg.com/send/-/send-0.16.1.tgz#a70e1ca21d1382c11d0d9f6231deb281080d7ab3"
    dependencies:
      debug "2.6.9"
      depd "~1.1.1"
      destroy "~1.0.4"
      encodeurl "~1.0.1"
      escape-html "~1.0.3"
      etag "~1.8.1"
      fresh "0.5.2"
      http-errors "~1.6.2"
      mime "1.4.1"
      ms "2.0.0"
      on-finished "~2.3.0"
      range-parser "~1.2.0"
      statuses "~1.3.1"
  
  serve-static@1.13.1:
    version "1.13.1"
    resolved "https://registry.yarnpkg.com/serve-static/-/serve-static-1.13.1.tgz#4c57d53404a761d8f2e7c1e8a18a47dbf278a719"
    dependencies:
      encodeurl "~1.0.1"
      escape-html "~1.0.3"
      parseurl "~1.3.2"
      send "0.16.1"
  
  set-getter@^0.1.0:
    version "0.1.0"
    resolved "https://registry.yarnpkg.com/set-getter/-/set-getter-0.1.0.tgz#d769c182c9d5a51f409145f2fba82e5e86e80376"
    dependencies:
      to-object-path "^0.3.0"
  
  set-value@^0.4.3:
    version "0.4.3"
    resolved "https://registry.yarnpkg.com/set-value/-/set-value-0.4.3.tgz#7db08f9d3d22dc7f78e53af3c3bf4666ecdfccf1"
    dependencies:
      extend-shallow "^2.0.1"
      is-extendable "^0.1.1"
      is-plain-object "^2.0.1"
      to-object-path "^0.3.0"
  
  set-value@^2.0.0:
    version "2.0.0"
    resolved "https://registry.yarnpkg.com/set-value/-/set-value-2.0.0.tgz#71ae4a88f0feefbbf52d1ea604f3fb315ebb6274"
    dependencies:
      extend-shallow "^2.0.1"
      is-extendable "^0.1.1"
      is-plain-object "^2.0.3"
      split-string "^3.0.1"
  
  setprototypeof@1.0.3:
    version "1.0.3"
    resolved "https://registry.yarnpkg.com/setprototypeof/-/setprototypeof-1.0.3.tgz#66567e37043eeb4f04d91bd658c0cbefb55b8e04"
  
  setprototypeof@1.1.0:
    version "1.1.0"
    resolved "https://registry.yarnpkg.com/setprototypeof/-/setprototypeof-1.1.0.tgz#d0bd85536887b6fe7c0d818cb962d9d91c54e656"
  
  snapdragon-node@^2.0.1:
    version "2.1.1"
    resolved "https://registry.yarnpkg.com/snapdragon-node/-/snapdragon-node-2.1.1.tgz#6c175f86ff14bdb0724563e8f3c1b021a286853b"
    dependencies:
      define-property "^1.0.0"
      isobject "^3.0.0"
      snapdragon-util "^3.0.1"
  
  snapdragon-util@^3.0.1:
    version "3.0.1"
    resolved "https://registry.yarnpkg.com/snapdragon-util/-/snapdragon-util-3.0.1.tgz#f956479486f2acd79700693f6f7b805e45ab56e2"
    dependencies:
      kind-of "^3.2.0"
  
  snapdragon@^0.8.1:
    version "0.8.1"
    resolved "https://registry.yarnpkg.com/snapdragon/-/snapdragon-0.8.1.tgz#e12b5487faded3e3dea0ac91e9400bf75b401370"
    dependencies:
      base "^0.11.1"
      debug "^2.2.0"
      define-property "^0.2.5"
      extend-shallow "^2.0.1"
      map-cache "^0.2.2"
      source-map "^0.5.6"
      source-map-resolve "^0.5.0"
      use "^2.0.0"
  
  socket.io-adapter@0.5.0:
    version "0.5.0"
    resolved "https://registry.yarnpkg.com/socket.io-adapter/-/socket.io-adapter-0.5.0.tgz#cb6d4bb8bec81e1078b99677f9ced0046066bb8b"
    dependencies:
      debug "2.3.3"
      socket.io-parser "2.3.1"
  
  socket.io-client@1.7.4:
    version "1.7.4"
    resolved "https://registry.yarnpkg.com/socket.io-client/-/socket.io-client-1.7.4.tgz#ec9f820356ed99ef6d357f0756d648717bdd4281"
    dependencies:
      backo2 "1.0.2"
      component-bind "1.0.0"
      component-emitter "1.2.1"
      debug "2.3.3"
      engine.io-client "~1.8.4"
      has-binary "0.1.7"
      indexof "0.0.1"
      object-component "0.0.3"
      parseuri "0.0.5"
      socket.io-parser "2.3.1"
      to-array "0.1.4"
  
  socket.io-parser@2.3.1:
    version "2.3.1"
    resolved "https://registry.yarnpkg.com/socket.io-parser/-/socket.io-parser-2.3.1.tgz#dd532025103ce429697326befd64005fcfe5b4a0"
    dependencies:
      component-emitter "1.1.2"
      debug "2.2.0"
      isarray "0.0.1"
      json3 "3.3.2"
  
  socket.io@^1.7.3:
    version "1.7.4"
    resolved "https://registry.yarnpkg.com/socket.io/-/socket.io-1.7.4.tgz#2f7ecedc3391bf2d5c73e291fe233e6e34d4dd00"
    dependencies:
      debug "2.3.3"
      engine.io "~1.8.4"
      has-binary "0.1.7"
      object-assign "4.1.0"
      socket.io-adapter "0.5.0"
      socket.io-client "1.7.4"
      socket.io-parser "2.3.1"
  
  source-map-loader@^0.2.3:
    version "0.2.3"
    resolved "https://registry.yarnpkg.com/source-map-loader/-/source-map-loader-0.2.3.tgz#d4b0c8cd47d54edce3e6bfa0f523f452b5b0e521"
    dependencies:
      async "^2.5.0"
      loader-utils "~0.2.2"
      source-map "~0.6.1"
  
  source-map-resolve@^0.5.0:
    version "0.5.1"
    resolved "https://registry.yarnpkg.com/source-map-resolve/-/source-map-resolve-0.5.1.tgz#7ad0f593f2281598e854df80f19aae4b92d7a11a"
    dependencies:
      atob "^2.0.0"
      decode-uri-component "^0.2.0"
      resolve-url "^0.2.1"
      source-map-url "^0.4.0"
      urix "^0.1.0"
  
  source-map-support@^0.4.15:
    version "0.4.18"
    resolved "https://registry.yarnpkg.com/source-map-support/-/source-map-support-0.4.18.tgz#0286a6de8be42641338594e97ccea75f0a2c585f"
    dependencies:
      source-map "^0.5.6"
  
  source-map-url@^0.4.0:
    version "0.4.0"
    resolved "https://registry.yarnpkg.com/source-map-url/-/source-map-url-0.4.0.tgz#3e935d7ddd73631b97659956d55128e87b5084a3"
  
  source-map@^0.5.6:
    version "0.5.7"
    resolved "https://registry.yarnpkg.com/source-map/-/source-map-0.5.7.tgz#8a039d2d1021d22d1ea14c80d8ea468ba2ef3fcc"
  
  source-map@~0.6.1:
    version "0.6.1"
    resolved "https://registry.yarnpkg.com/source-map/-/source-map-0.6.1.tgz#74722af32e9614e9c287a8d0bbde48b5e2f1a263"
  
  split-string@^3.0.1, split-string@^3.0.2:
    version "3.1.0"
    resolved "https://registry.yarnpkg.com/split-string/-/split-string-3.1.0.tgz#7cb09dda3a86585705c64b39a6466038682e8fe2"
    dependencies:
      extend-shallow "^3.0.0"
  
  static-extend@^0.1.1:
    version "0.1.2"
    resolved "https://registry.yarnpkg.com/static-extend/-/static-extend-0.1.2.tgz#60809c39cbff55337226fd5e0b520f341f1fb5c6"
    dependencies:
      define-property "^0.2.5"
      object-copy "^0.1.0"
  
  "statuses@>= 1.3.1 < 2":
    version "1.4.0"
    resolved "https://registry.yarnpkg.com/statuses/-/statuses-1.4.0.tgz#bb73d446da2796106efcc1b601a253d6c46bd087"
  
  statuses@~1.3.1:
    version "1.3.1"
    resolved "https://registry.yarnpkg.com/statuses/-/statuses-1.3.1.tgz#faf51b9eb74aaef3b3acf4ad5f61abf24cb7b93e"
  
  string_decoder@~1.0.3:
    version "1.0.3"
    resolved "https://registry.yarnpkg.com/string_decoder/-/string_decoder-1.0.3.tgz#0fc67d7c141825de94282dd536bec6b9bce860ab"
    dependencies:
      safe-buffer "~5.1.0"
  
  tapable@^0.2.5:
    version "0.2.8"
    resolved "https://registry.yarnpkg.com/tapable/-/tapable-0.2.8.tgz#99372a5c999bf2df160afc0d74bed4f47948cd22"
  
  to-array@0.1.4:
    version "0.1.4"
    resolved "https://registry.yarnpkg.com/to-array/-/to-array-0.1.4.tgz#17e6c11f73dd4f3d74cda7a4ff3238e9ad9bf890"
  
  to-object-path@^0.3.0:
    version "0.3.0"
    resolved "https://registry.yarnpkg.com/to-object-path/-/to-object-path-0.3.0.tgz#297588b7b0e7e0ac08e04e672f85c1f4999e17af"
    dependencies:
      kind-of "^3.0.2"
  
  to-regex-range@^2.1.0:
    version "2.1.1"
    resolved "https://registry.yarnpkg.com/to-regex-range/-/to-regex-range-2.1.1.tgz#7c80c17b9dfebe599e27367e0d4dd5590141db38"
    dependencies:
      is-number "^3.0.0"
      repeat-string "^1.6.1"
  
  to-regex@^3.0.1:
    version "3.0.1"
    resolved "https://registry.yarnpkg.com/to-regex/-/to-regex-3.0.1.tgz#15358bee4a2c83bd76377ba1dc049d0f18837aae"
    dependencies:
      define-property "^0.2.5"
      extend-shallow "^2.0.1"
      regex-not "^1.0.0"
  
  type-is@~1.6.15:
    version "1.6.15"
    resolved "https://registry.yarnpkg.com/type-is/-/type-is-1.6.15.tgz#cab10fb4909e441c82842eafe1ad646c81804410"
    dependencies:
      media-typer "0.3.0"
      mime-types "~2.1.15"
  
  typescript@^2.6.2:
    version "2.6.2"
    resolved "https://registry.yarnpkg.com/typescript/-/typescript-2.6.2.tgz#3c5b6fd7f6de0914269027f03c0946758f7673a4"
  
  ultron@1.0.x:
    version "1.0.2"
    resolved "https://registry.yarnpkg.com/ultron/-/ultron-1.0.2.tgz#ace116ab557cd197386a4e88f4685378c8b2e4fa"
  
  union-value@^1.0.0:
    version "1.0.0"
    resolved "https://registry.yarnpkg.com/union-value/-/union-value-1.0.0.tgz#5c71c34cb5bad5dcebe3ea0cd08207ba5aa1aea4"
    dependencies:
      arr-union "^3.1.0"
      get-value "^2.0.6"
      is-extendable "^0.1.1"
      set-value "^0.4.3"
  
  unpipe@1.0.0, unpipe@~1.0.0:
    version "1.0.0"
    resolved "https://registry.yarnpkg.com/unpipe/-/unpipe-1.0.0.tgz#b2bf4ee8514aae6165b4817829d21b2ef49904ec"
  
  unset-value@^1.0.0:
    version "1.0.0"
    resolved "https://registry.yarnpkg.com/unset-value/-/unset-value-1.0.0.tgz#8376873f7d2335179ffb1e6fc3a8ed0dfc8ab559"
    dependencies:
      has-value "^0.3.1"
      isobject "^3.0.0"
  
  urix@^0.1.0:
    version "0.1.0"
    resolved "https://registry.yarnpkg.com/urix/-/urix-0.1.0.tgz#da937f7a62e21fec1fd18d49b35c2935067a6c72"
  
  use@^2.0.0:
    version "2.0.2"
    resolved "https://registry.yarnpkg.com/use/-/use-2.0.2.tgz#ae28a0d72f93bf22422a18a2e379993112dec8e8"
    dependencies:
      define-property "^0.2.5"
      isobject "^3.0.0"
      lazy-cache "^2.0.2"
  
  util-deprecate@~1.0.1:
    version "1.0.2"
    resolved "https://registry.yarnpkg.com/util-deprecate/-/util-deprecate-1.0.2.tgz#450d4dc9fa70de732762fbd2d4a28981419a0ccf"
  
  utils-merge@1.0.1:
    version "1.0.1"
    resolved "https://registry.yarnpkg.com/utils-merge/-/utils-merge-1.0.1.tgz#9f95710f50a267947b2ccc124741c1028427e713"
  
  vary@~1.1.2:
    version "1.1.2"
    resolved "https://registry.yarnpkg.com/vary/-/vary-1.1.2.tgz#2299f02c6ded30d4a5961b0b9f74524a18f634fc"
  
  ws@~1.1.5:
    version "1.1.5"
    resolved "https://registry.yarnpkg.com/ws/-/ws-1.1.5.tgz#cbd9e6e75e09fc5d2c90015f21f0c40875e0dd51"
    dependencies:
      options ">=0.0.5"
      ultron "1.0.x"
  
  wtf-8@1.0.0:
    version "1.0.0"
    resolved "https://registry.yarnpkg.com/wtf-8/-/wtf-8-1.0.0.tgz#392d8ba2d0f1c34d1ee2d630f15d0efb68e1048a"
  
  xmlhttprequest-ssl@1.5.3:
    version "1.5.3"
    resolved "https://registry.yarnpkg.com/xmlhttprequest-ssl/-/xmlhttprequest-ssl-1.5.3.tgz#185a888c04eca46c3e4070d99f7b49de3528992d"
  
  yeast@0.1.2:
    version "0.1.2"
    resolved "https://registry.yarnpkg.com/yeast/-/yeast-0.1.2.tgz#008e06d8094320c372dbc2f8ed76a0ca6c8ac419"

Trace: 
  SyntaxError: /Users/iliaidakiev/Documents/dev/typeScriptTest/package.json: Unexpected token } in JSON at position 571
      at JSON.parse (<anonymous>)
      at /Users/iliaidakiev/.nvm/versions/node/v9.2.0/lib/node_modules/yarn/lib/cli.js:770:59
      at Generator.next (<anonymous>)
      at step (/Users/iliaidakiev/.nvm/versions/node/v9.2.0/lib/node_modules/yarn/lib/cli.js:92:30)
      at /Users/iliaidakiev/.nvm/versions/node/v9.2.0/lib/node_modules/yarn/lib/cli.js:103:13
      at <anonymous>
